[debug] [2025-04-15T04:07:46.979Z] ----------------------------------------------------------------------
[debug] [2025-04-15T04:07:46.988Z] Command:       C:\Program Files\nodejs\node.exe C:\Users\rajee\AppData\Roaming\npm\node_modules\firebase-tools\lib\bin\firebase.js init
[debug] [2025-04-15T04:07:46.990Z] CLI Version:   14.1.0
[debug] [2025-04-15T04:07:46.990Z] Platform:      win32
[debug] [2025-04-15T04:07:46.990Z] Node Version:  v20.12.0
[debug] [2025-04-15T04:07:46.991Z] Time:          Tue Apr 15 2025 09:37:46 GMT+0530 (India Standard Time)
[debug] [2025-04-15T04:07:46.991Z] ----------------------------------------------------------------------
[debug] 
[debug] [2025-04-15T04:07:47.013Z] > command requires scopes: ["email","openid","https://www.googleapis.com/auth/cloudplatformprojects.readonly","https://www.googleapis.com/auth/firebase","https://www.googleapis.com/auth/cloud-platform"]
[debug] [2025-04-15T04:07:47.014Z] > authorizing via signed-in user (rk488296@gmail.com)
[info] 
     ######## #### ########  ######## ########     ###     ######  ########
     ##        ##  ##     ## ##       ##     ##  ##   ##  ##       ##
     ######    ##  ########  ######   ########  #########  ######  ######
     ##        ##  ##    ##  ##       ##     ## ##     ##       ## ##
     ##       #### ##     ## ######## ########  ##     ##  ######  ########

You're about to initialize a Firebase project in this directory:

  D:\Angular-Projects\event-management-application

[info] 
=== Project Setup
[info] 
[info] First, let's associate this project directory with a Firebase project.
[info] You can create multiple project aliases by running firebase use --add, 
[info] but for now we'll just set up a default project.
[info] 
[info] i  If you want to create a project in a Google Cloud organization or folder, please use "firebase projects:create" instead, and return to this command when you've created the project. 
[debug] [2025-04-15T04:08:42.808Z] Checked if tokens are valid: false, expires at: 1715588542714
[debug] [2025-04-15T04:08:42.809Z] Checked if tokens are valid: false, expires at: 1715588542714
[debug] [2025-04-15T04:08:42.810Z] > refreshing access token with scopes: []
[debug] [2025-04-15T04:08:42.816Z] >>> [apiv2][query] POST https://www.googleapis.com/oauth2/v3/token [none]
[debug] [2025-04-15T04:08:42.816Z] >>> [apiv2][body] POST https://www.googleapis.com/oauth2/v3/token [omitted]
[debug] [2025-04-15T04:08:44.088Z] <<< [apiv2][status] POST https://www.googleapis.com/oauth2/v3/token 400
[debug] [2025-04-15T04:08:44.088Z] <<< [apiv2][body] POST https://www.googleapis.com/oauth2/v3/token [omitted]
[debug] [2025-04-15T04:08:44.089Z] >>> [apiv2][query] POST https://cloudresourcemanager.googleapis.com/v1/projects [none]
[debug] [2025-04-15T04:08:44.090Z] >>> [apiv2][body] POST https://cloudresourcemanager.googleapis.com/v1/projects {"projectId":"webdemo-2025","name":"eventmgnt"}
[debug] [2025-04-15T04:08:46.290Z] <<< [apiv2][status] POST https://cloudresourcemanager.googleapis.com/v1/projects 401
[debug] [2025-04-15T04:08:46.290Z] <<< [apiv2][body] POST https://cloudresourcemanager.googleapis.com/v1/projects {"error":{"code":401,"message":"Request had invalid authentication credentials. Expected OAuth 2 access token, login cookie or other valid authentication credential. See https://developers.google.com/identity/sign-in/web/devconsole-project.","status":"UNAUTHENTICATED","details":[{"@type":"type.googleapis.com/google.rpc.ErrorInfo","reason":"ACCESS_TOKEN_TYPE_UNSUPPORTED","metadata":{"method":"google.cloudresourcemanager.v1.Projects.CreateProject","service":"cloudresourcemanager.googleapis.com"}}]}}
[debug] [2025-04-15T04:08:46.290Z] Got a 401 Unauthenticated error for a call that required authentication. Refreshing tokens.
[debug] [2025-04-15T04:08:46.291Z] Checked if tokens are valid: false, expires at: 1715588542714
[debug] [2025-04-15T04:08:46.291Z] Checked if tokens are valid: false, expires at: 1715588542714
[debug] [2025-04-15T04:08:46.291Z] > refreshing access token with scopes: []
[debug] [2025-04-15T04:08:46.293Z] >>> [apiv2][query] POST https://www.googleapis.com/oauth2/v3/token [none]
[debug] [2025-04-15T04:08:46.294Z] >>> [apiv2][body] POST https://www.googleapis.com/oauth2/v3/token [omitted]
[debug] [2025-04-15T04:08:46.521Z] <<< [apiv2][status] POST https://www.googleapis.com/oauth2/v3/token 400
[debug] [2025-04-15T04:08:46.522Z] <<< [apiv2][body] POST https://www.googleapis.com/oauth2/v3/token [omitted]
[debug] [2025-04-15T04:08:47.257Z] FirebaseError: Request to https://cloudresourcemanager.googleapis.com/v1/projects had HTTP Error: 401, Request had invalid authentication credentials. Expected OAuth 2 access token, login cookie or other valid authentication credential. See https://developers.google.com/identity/sign-in/web/devconsole-project.
    at responseToError (C:\Users\rajee\AppData\Roaming\npm\node_modules\firebase-tools\lib\responseToError.js:52:12)
    at RetryOperation._fn (C:\Users\rajee\AppData\Roaming\npm\node_modules\firebase-tools\lib\apiv2.js:312:77)
    at process.processTicksAndRejections (node:internal/process/task_queues:95:5)
[error] 
[error] Error: Failed to create project. See firebase-debug.log for more info.
[debug] [2025-04-15T04:11:42.639Z] ----------------------------------------------------------------------
[debug] [2025-04-15T04:11:42.658Z] Command:       C:\Program Files\nodejs\node.exe C:\Users\rajee\AppData\Roaming\npm\node_modules\firebase-tools\lib\bin\firebase.js init
[debug] [2025-04-15T04:11:42.660Z] CLI Version:   14.1.0
[debug] [2025-04-15T04:11:42.660Z] Platform:      win32
[debug] [2025-04-15T04:11:42.661Z] Node Version:  v20.12.0
[debug] [2025-04-15T04:11:42.661Z] Time:          Tue Apr 15 2025 09:41:42 GMT+0530 (India Standard Time)
[debug] [2025-04-15T04:11:42.662Z] ----------------------------------------------------------------------
[debug] 
[debug] [2025-04-15T04:11:42.683Z] > command requires scopes: ["email","openid","https://www.googleapis.com/auth/cloudplatformprojects.readonly","https://www.googleapis.com/auth/firebase","https://www.googleapis.com/auth/cloud-platform"]
[debug] [2025-04-15T04:11:42.684Z] > authorizing via signed-in user (rk488296@gmail.com)
[info] 
     ######## #### ########  ######## ########     ###     ######  ########
     ##        ##  ##     ## ##       ##     ##  ##   ##  ##       ##
     ######    ##  ########  ######   ########  #########  ######  ######
     ##        ##  ##    ##  ##       ##     ## ##     ##       ## ##
     ##       #### ##     ## ######## ########  ##     ##  ######  ########

You're about to initialize a Firebase project in this directory:

  D:\Angular-Projects\event-management-application

[info] 
=== Project Setup
[info] 
[info] First, let's associate this project directory with a Firebase project.
[info] You can create multiple project aliases by running firebase use --add, 
[info] but for now we'll just set up a default project.
[info] 
[debug] [2025-04-15T04:12:11.027Z] Checked if tokens are valid: false, expires at: 1715588542714
[debug] [2025-04-15T04:12:11.028Z] Checked if tokens are valid: false, expires at: 1715588542714
[debug] [2025-04-15T04:12:11.029Z] > refreshing access token with scopes: []
[debug] [2025-04-15T04:12:11.041Z] >>> [apiv2][query] POST https://www.googleapis.com/oauth2/v3/token [none]
[debug] [2025-04-15T04:12:11.041Z] >>> [apiv2][body] POST https://www.googleapis.com/oauth2/v3/token [omitted]
[debug] [2025-04-15T04:12:12.030Z] <<< [apiv2][status] POST https://www.googleapis.com/oauth2/v3/token 400
[debug] [2025-04-15T04:12:12.031Z] <<< [apiv2][body] POST https://www.googleapis.com/oauth2/v3/token [omitted]
[debug] [2025-04-15T04:12:12.034Z] >>> [apiv2][query] GET https://firebase.googleapis.com/v1beta1/projects pageSize=100
[debug] [2025-04-15T04:12:12.990Z] <<< [apiv2][status] GET https://firebase.googleapis.com/v1beta1/projects 401
[debug] [2025-04-15T04:12:12.990Z] <<< [apiv2][body] GET https://firebase.googleapis.com/v1beta1/projects [omitted]
[debug] [2025-04-15T04:12:12.990Z] Got a 401 Unauthenticated error for a call that required authentication. Refreshing tokens.
[debug] [2025-04-15T04:12:12.990Z] Checked if tokens are valid: false, expires at: 1715588542714
[debug] [2025-04-15T04:12:12.991Z] Checked if tokens are valid: false, expires at: 1715588542714
[debug] [2025-04-15T04:12:12.991Z] > refreshing access token with scopes: []
[debug] [2025-04-15T04:12:12.992Z] >>> [apiv2][query] POST https://www.googleapis.com/oauth2/v3/token [none]
[debug] [2025-04-15T04:12:12.992Z] >>> [apiv2][body] POST https://www.googleapis.com/oauth2/v3/token [omitted]
[debug] [2025-04-15T04:12:13.234Z] <<< [apiv2][status] POST https://www.googleapis.com/oauth2/v3/token 400
[debug] [2025-04-15T04:12:13.234Z] <<< [apiv2][body] POST https://www.googleapis.com/oauth2/v3/token [omitted]
[debug] [2025-04-15T04:12:13.236Z] Request to https://firebase.googleapis.com/v1beta1/projects?pageSize=100 had HTTP Error: 401, Request had invalid authentication credentials. Expected OAuth 2 access token, login cookie or other valid authentication credential. See https://developers.google.com/identity/sign-in/web/devconsole-project.
[debug] [2025-04-15T04:12:13.969Z] FirebaseError: Request to https://firebase.googleapis.com/v1beta1/projects?pageSize=100 had HTTP Error: 401, Request had invalid authentication credentials. Expected OAuth 2 access token, login cookie or other valid authentication credential. See https://developers.google.com/identity/sign-in/web/devconsole-project.
    at responseToError (C:\Users\rajee\AppData\Roaming\npm\node_modules\firebase-tools\lib\responseToError.js:52:12)
    at RetryOperation._fn (C:\Users\rajee\AppData\Roaming\npm\node_modules\firebase-tools\lib\apiv2.js:312:77)
    at process.processTicksAndRejections (node:internal/process/task_queues:95:5)
[error] 
[error] Error: Failed to list Firebase projects. See firebase-debug.log for more info.
[debug] [2025-04-15T04:12:52.231Z] ----------------------------------------------------------------------
[debug] [2025-04-15T04:12:52.240Z] Command:       C:\Program Files\nodejs\node.exe C:\Users\rajee\AppData\Roaming\npm\node_modules\firebase-tools\lib\bin\firebase.js init
[debug] [2025-04-15T04:12:52.241Z] CLI Version:   14.1.0
[debug] [2025-04-15T04:12:52.242Z] Platform:      win32
[debug] [2025-04-15T04:12:52.242Z] Node Version:  v20.12.0
[debug] [2025-04-15T04:12:52.242Z] Time:          Tue Apr 15 2025 09:42:52 GMT+0530 (India Standard Time)
[debug] [2025-04-15T04:12:52.243Z] ----------------------------------------------------------------------
[debug] 
[debug] [2025-04-15T04:12:52.264Z] > command requires scopes: ["email","openid","https://www.googleapis.com/auth/cloudplatformprojects.readonly","https://www.googleapis.com/auth/firebase","https://www.googleapis.com/auth/cloud-platform"]
[debug] [2025-04-15T04:12:52.265Z] > authorizing via signed-in user (rk488296@gmail.com)
[info] 
     ######## #### ########  ######## ########     ###     ######  ########
     ##        ##  ##     ## ##       ##     ##  ##   ##  ##       ##
     ######    ##  ########  ######   ########  #########  ######  ######
     ##        ##  ##    ##  ##       ##     ## ##     ##       ## ##
     ##       #### ##     ## ######## ########  ##     ##  ######  ########

You're about to initialize a Firebase project in this directory:

  D:\Angular-Projects\event-management-application

[info] 
=== Project Setup
[info] 
[info] First, let's associate this project directory with a Firebase project.
[info] You can create multiple project aliases by running firebase use --add, 
[info] but for now we'll just set up a default project.
[info] 
[info] i  If you want to create a project in a Google Cloud organization or folder, please use "firebase projects:create" instead, and return to this command when you've created the project. 
[debug] [2025-04-15T04:13:19.001Z] Checked if tokens are valid: false, expires at: 1715588542714
[debug] [2025-04-15T04:13:19.002Z] Checked if tokens are valid: false, expires at: 1715588542714
[debug] [2025-04-15T04:13:19.003Z] > refreshing access token with scopes: []
[debug] [2025-04-15T04:13:19.015Z] >>> [apiv2][query] POST https://www.googleapis.com/oauth2/v3/token [none]
[debug] [2025-04-15T04:13:19.015Z] >>> [apiv2][body] POST https://www.googleapis.com/oauth2/v3/token [omitted]
[debug] [2025-04-15T04:13:19.836Z] <<< [apiv2][status] POST https://www.googleapis.com/oauth2/v3/token 400
[debug] [2025-04-15T04:13:19.837Z] <<< [apiv2][body] POST https://www.googleapis.com/oauth2/v3/token [omitted]
[debug] [2025-04-15T04:13:19.838Z] >>> [apiv2][query] POST https://cloudresourcemanager.googleapis.com/v1/projects [none]
[debug] [2025-04-15T04:13:19.838Z] >>> [apiv2][body] POST https://cloudresourcemanager.googleapis.com/v1/projects {"projectId":"","name":""}
[debug] [2025-04-15T04:13:21.700Z] <<< [apiv2][status] POST https://cloudresourcemanager.googleapis.com/v1/projects 401
[debug] [2025-04-15T04:13:21.700Z] <<< [apiv2][body] POST https://cloudresourcemanager.googleapis.com/v1/projects {"error":{"code":401,"message":"Request had invalid authentication credentials. Expected OAuth 2 access token, login cookie or other valid authentication credential. See https://developers.google.com/identity/sign-in/web/devconsole-project.","status":"UNAUTHENTICATED","details":[{"@type":"type.googleapis.com/google.rpc.ErrorInfo","reason":"ACCESS_TOKEN_TYPE_UNSUPPORTED","metadata":{"service":"cloudresourcemanager.googleapis.com","method":"google.cloudresourcemanager.v1.Projects.CreateProject"}}]}}
[debug] [2025-04-15T04:13:21.700Z] Got a 401 Unauthenticated error for a call that required authentication. Refreshing tokens.
[debug] [2025-04-15T04:13:21.701Z] Checked if tokens are valid: false, expires at: 1715588542714
[debug] [2025-04-15T04:13:21.701Z] Checked if tokens are valid: false, expires at: 1715588542714
[debug] [2025-04-15T04:13:21.701Z] > refreshing access token with scopes: []
[debug] [2025-04-15T04:13:21.703Z] >>> [apiv2][query] POST https://www.googleapis.com/oauth2/v3/token [none]
[debug] [2025-04-15T04:13:21.703Z] >>> [apiv2][body] POST https://www.googleapis.com/oauth2/v3/token [omitted]
[debug] [2025-04-15T04:13:21.891Z] <<< [apiv2][status] POST https://www.googleapis.com/oauth2/v3/token 400
[debug] [2025-04-15T04:13:21.891Z] <<< [apiv2][body] POST https://www.googleapis.com/oauth2/v3/token [omitted]
[debug] [2025-04-15T04:13:22.250Z] FirebaseError: Request to https://cloudresourcemanager.googleapis.com/v1/projects had HTTP Error: 401, Request had invalid authentication credentials. Expected OAuth 2 access token, login cookie or other valid authentication credential. See https://developers.google.com/identity/sign-in/web/devconsole-project.
    at responseToError (C:\Users\rajee\AppData\Roaming\npm\node_modules\firebase-tools\lib\responseToError.js:52:12)
    at RetryOperation._fn (C:\Users\rajee\AppData\Roaming\npm\node_modules\firebase-tools\lib\apiv2.js:312:77)
    at process.processTicksAndRejections (node:internal/process/task_queues:95:5)
[error] 
[error] Error: Failed to create project. See firebase-debug.log for more info.
